INFO:werkzeug: * Running on http://127.0.0.1:5000/ (Press CTRL+C to quit)
INFO:root:Starting process to delete user user1
INFO:root:Checking that username is valid
INFO:werkzeug:127.0.0.1 - - [27/Apr/2019 19:01:01] "POST /delete/user1 HTTP/1.1" 200 -
INFO:root:Starting process for adding new user: user1
INFO:root:Checking that username is valid
INFO:root:Checking whether user already exists
INFO:root:Request was successful
INFO:root:Saving user: user1
INFO:werkzeug:127.0.0.1 - - [27/Apr/2019 19:01:01] "POST /new_user HTTP/1.1" 200 -
INFO:root:Starting process for processing puppy1 to user user1
INFO:root:Original
INFO:root:Histogram Equalization
INFO:root:Performing histogram equalization processing
INFO:root:Completed histogram equalization
INFO:root:Storing processing time
INFO:root:Calculating image size
INFO:root:Calculating image size
INFO:root:Providing a timestamp
INFO:root:Uploading original image to database
INFO:root:Uploading processed image to database
INFO:werkzeug:127.0.0.1 - - [27/Apr/2019 19:01:05] "POST /process_image HTTP/1.1" 200 -
INFO:root:Starting process for processing puppy6 to user user1
INFO:root:Original
INFO:root:Histogram Equalization
INFO:root:Performing histogram equalization processing
INFO:root:Completed histogram equalization
INFO:root:Contrast Stretching
INFO:root:Performing stretch contrast processing
INFO:root:Completed contrast stretching
INFO:root:Log Compression
INFO:root:Completed log compression
INFO:root:Reverse Video
INFO:root:Completed reverse video
INFO:root:Storing processing time
INFO:root:Calculating image size
INFO:root:Calculating image size
INFO:root:Providing a timestamp
INFO:root:Uploading original image to database
INFO:root:Uploading processed image to database
INFO:werkzeug:127.0.0.1 - - [27/Apr/2019 19:01:14] "POST /process_image HTTP/1.1" 200 -
INFO:root:Starting process for uploading puppy8 to user user1
INFO:root:Calculating image size
INFO:root:Providing a timestamp
INFO:root:Uploading image to database
INFO:werkzeug:127.0.0.1 - - [27/Apr/2019 19:01:27] "POST /image_upload HTTP/1.1" 200 -
INFO:root:Starting process for downloading puppy1 to user user1
INFO:root:Checking that username is valid
INFO:root:Checking that filename is valid
INFO:root:Checking that desired image exists
INFO:root:11000
INFO:werkzeug:127.0.0.1 - - [27/Apr/2019 19:01:41] "GET /image_download/user1/puppy1/11000 HTTP/1.1" 200 -
INFO:root:Starting process for downloading puppy6 to user user1
INFO:root:Checking that username is valid
INFO:root:Checking that filename is valid
INFO:root:Checking that desired image exists
INFO:root:11111
INFO:werkzeug:127.0.0.1 - - [27/Apr/2019 19:01:55] "GET /image_download/user1/puppy6/11111 HTTP/1.1" 200 -
INFO:root:Starting process for downloading puppy8 to user user1
INFO:root:Checking that username is valid
INFO:root:Checking that filename is valid
INFO:root:Checking that desired image exists
INFO:root:10000
INFO:werkzeug:127.0.0.1 - - [27/Apr/2019 19:02:09] "GET /image_download/user1/puppy8/10000 HTTP/1.1" 200 -
INFO:root:Starting process for downloading puppy1 to user user1
INFO:root:Checking that username is valid
INFO:root:Checking that filename is valid
INFO:root:Checking that desired image exists
INFO:root:10000
INFO:werkzeug:127.0.0.1 - - [27/Apr/2019 19:02:23] "GET /image_download/user1/puppy1/10000 HTTP/1.1" 200 -
INFO:root:Starting process for downloading puppy1 to user user1
INFO:root:Checking that username is valid
INFO:root:Checking that filename is valid
INFO:root:Checking that desired image exists
WARNING:root:Desired image not found in database.
INFO:werkzeug:127.0.0.1 - - [27/Apr/2019 19:02:28] "GET /image_download/user1/puppy1/11100 HTTP/1.1" 404 -
INFO:root:Starting process for downloading puppy8 to user user1
INFO:root:Checking that username is valid
INFO:root:Checking that filename is valid
INFO:root:Checking that desired image exists
INFO:root:10000
INFO:werkzeug:127.0.0.1 - - [27/Apr/2019 19:02:42] "GET /image_download/user1/puppy8/10000 HTTP/1.1" 200 -
INFO:root:Starting process for downloading puppy1 to user user1
INFO:root:Checking that username is valid
INFO:root:Checking that filename is valid
INFO:root:Checking that desired image exists
INFO:root:11000
INFO:werkzeug:127.0.0.1 - - [27/Apr/2019 19:02:56] "GET /image_download/user1/puppy1/11000 HTTP/1.1" 200 -
INFO:root:Starting process for downloading puppy6 to user user1
INFO:root:Checking that username is valid
INFO:root:Checking that filename is valid
INFO:root:Checking that desired image exists
INFO:root:11111
INFO:werkzeug:127.0.0.1 - - [27/Apr/2019 19:03:10] "GET /image_download/user1/puppy6/11111 HTTP/1.1" 200 -
INFO:root:Starting process for downloading puppy8 to user user1
INFO:root:Checking that username is valid
INFO:root:Checking that filename is valid
INFO:root:Checking that desired image exists
INFO:root:10000
INFO:werkzeug:127.0.0.1 - - [27/Apr/2019 19:03:24] "GET /image_download/user1/puppy8/10000 HTTP/1.1" 200 -
INFO:root:Starting process for downloading puppy1 to user user1
INFO:root:Checking that username is valid
INFO:root:Checking that filename is valid
INFO:root:Checking that desired image exists
INFO:root:10000
INFO:werkzeug:127.0.0.1 - - [27/Apr/2019 19:03:38] "GET /image_download/user1/puppy1/10000 HTTP/1.1" 200 -
INFO:root:Starting process for downloading puppy1 to user user1
INFO:root:Checking that username is valid
INFO:root:Checking that filename is valid
INFO:root:Checking that desired image exists
WARNING:root:Desired image not found in database.
INFO:werkzeug:127.0.0.1 - - [27/Apr/2019 19:03:42] "GET /image_download/user1/puppy1/11100 HTTP/1.1" 404 -
INFO:root:Starting process for downloading puppy8 to user user1
INFO:root:Checking that username is valid
INFO:root:Checking that filename is valid
INFO:root:Checking that desired image exists
INFO:root:10000
INFO:werkzeug:127.0.0.1 - - [27/Apr/2019 19:03:56] "GET /image_download/user1/puppy8/10000 HTTP/1.1" 200 -
INFO:root:Starting process for downloading puppy1 to user user1
INFO:root:Checking that username is valid
INFO:root:Checking that filename is valid
INFO:root:Checking that desired image exists
WARNING:root:Desired image not found in database.
INFO:werkzeug:127.0.0.1 - - [27/Apr/2019 19:04:00] "GET /image_download/user1/puppy1/11100 HTTP/1.1" 404 -
